************** MC dependence removal ************
removing MC dependencies for photons
removing MC dependencies for electrons
removing MC dependencies for muons
removing MC dependencies for taus
removing MC dependencies for jets
******************* RunOnData *******************
************** MC dependence removal ************
removing MC dependencies for photons
removing MC dependencies for electrons
removing MC dependencies for muons
removing MC dependencies for taus
removing MC dependencies for jets
adding L2L3Residual JEC for: patJetCorrFactors
DEBUG 2016-08-09 15:56:55,070: 	 Executing command: 'submit'
DEBUG 2016-08-09 15:56:55,071: 	 Found CRAB cache file /afs/cern.ch/user/m/mhaapale/.crab3
DEBUG 2016-08-09 15:56:55,076: 	 Checking credentials
DEBUG 2016-08-09 15:56:55,077: 	 Found proxy file /tmp/x509up_u93770
DEBUG 2016-08-09 15:56:55,077: 	 Getting proxy life time left
DEBUG 2016-08-09 15:56:55,680: 	 Executing : 
 command : voms-proxy-info -file /tmp/x509up_u93770 -timeleft
 output : 6934

 error: 
 retcode : 0
DEBUG 2016-08-09 15:56:56,392: 	 Executing : 
 command : voms-proxy-info -file /tmp/x509up_u93770 -actimeleft
 output : 6933

 error: 
 retcode : 0
DEBUG 2016-08-09 15:56:56,393: 	 Proxy valid for 01:55:34 hours
INFO 2016-08-09 15:56:56,411: 	 Will use CRAB configuration file Tuples/crabConfig_data.py
DEBUG 2016-08-09 15:56:56,411: 	 Loading CRAB configuration file.
DEBUG 2016-08-09 15:56:56,426: 	 Will use CRAB Analysis plugin (i.e. will run an analysis job type).
DEBUG 2016-08-09 15:56:56,563: 	 Executing : 
 command : openssl x509 -in ~/.globus/usercert.pem -subject -noout
 output : subject= /DC=ch/DC=cern/OU=Organic Units/OU=Users/CN=mhaapale/CN=803715/CN=Matias Jacques Haapalehto

 error: 
 retcode : 0
DEBUG 2016-08-09 15:56:56,563: 	 Checking credentials
DEBUG 2016-08-09 15:56:56,565: 	 Found proxy file /tmp/x509up_u93770
DEBUG 2016-08-09 15:56:56,565: 	 Getting proxy life time left
DEBUG 2016-08-09 15:56:57,190: 	 Executing : 
 command : voms-proxy-info -file /tmp/x509up_u93770 -timeleft
 output : 6932

 error: 
 retcode : 0
DEBUG 2016-08-09 15:56:57,693: 	 Executing : 
 command : voms-proxy-info -file /tmp/x509up_u93770 -actimeleft
 output : 6932

 error: 
 retcode : 0
DEBUG 2016-08-09 15:56:57,694: 	 Proxy valid for 01:55:32 hours
DEBUG 2016-08-09 15:56:58,201: 	 Executing : 
 command : env X509_USER_PROXY=/tmp/x509up_u93770 voms-proxy-info -fqan
 output : /cms/Role=NULL/Capability=NULL

 error: 
 retcode : 0
DEBUG 2016-08-09 15:56:58,589: 	 Registering user credentials for server /DC=ch/DC=cern/OU=computers/CN=vocms(045|052|021|031|0118|0118a|0119|0108).cern.ch
DEBUG 2016-08-09 15:56:58,699: 	 Executing : 
 command : openssl x509 -in ~/.globus/usercert.pem -subject -noout
 output : subject= /DC=ch/DC=cern/OU=Organic Units/OU=Users/CN=mhaapale/CN=803715/CN=Matias Jacques Haapalehto

 error: 
 retcode : 0
DEBUG 2016-08-09 15:56:58,699: 	 Getting myproxy life time left for myproxy.cern.ch
DEBUG 2016-08-09 15:56:58,699: 	 Calculating hash of /DC=ch/DC=cern/OU=Organic Units/OU=Users/CN=mhaapale/CN=803715/CN=Matias Jacques Haapalehto_cmsweb.cern.ch for credential name
DEBUG 2016-08-09 15:57:00,410: 	 Executing : 
 command : myproxy-info -l b0f46b4a7c361367a5055cc34b0685c3fc3535fa -s myproxy.cern.ch
 output : username: b0f46b4a7c361367a5055cc34b0685c3fc3535fa
owner: /DC=ch/DC=cern/OU=Organic Units/OU=Users/CN=mhaapale/CN=803715/CN=Matias Jacques Haapalehto
  renewal policy: /DC=ch/DC=cern/OU=computers/CN=vocms(045|052|021|031|0118|0118a|0119|0108).cern.ch
  trusted retrieval policy: /DC=ch/DC=cern/OU=computers/CN=vocms(045|052|021|031|0118|0118a|0119|0108).cern.ch
  timeleft: 430:03:25  (17.9 days)

 error: 
 retcode : 0
DEBUG 2016-08-09 15:57:00,411: 	 Myproxy is valid: 1548205
DEBUG 2016-08-09 15:57:00,411: 	 Command use: submit
DEBUG 2016-08-09 15:57:00,411: 	 Options use: ['-c', 'Tuples/crabConfig_data.py']
DEBUG 2016-08-09 15:57:00,802: 	 CRABClient version: 3.3.1607.patch2
DEBUG 2016-08-09 15:57:00,802: 	 Instance is prod
DEBUG 2016-08-09 15:57:00,802: 	 Server base url is cmsweb.cern.ch
DEBUG 2016-08-09 15:57:00,802: 	 Command url /crabserver/prod/workflow
DEBUG 2016-08-09 15:57:00,802: 	 Started submission
DEBUG 2016-08-09 15:57:00,802: 	 Working on /afs/cern.ch/work/m/mhaapale/public/CMSSW_5_3_32/src/cms-opendata-2011-jets/AnalysisFW/python/crab_projects/crab_OpenDataTree_all
DEBUG 2016-08-09 15:57:01,998: 	 Loading required information from the environment
DEBUG 2016-08-09 15:57:01,998: 	 Found CMSSW_5_3_32 for slc6_amd64_gcc472 with base /afs/cern.ch/work/m/mhaapale/public/CMSSW_5_3_32
DEBUG 2016-08-09 15:57:02,059: 	 UNIQUE NAME: tarUUID 88fc8f09-0efc-4948-b2e6-da978d46ba5f 
DEBUG 2016-08-09 15:57:02,059: 	 self.config: from WMCore.Configuration import Configuration
config = Configuration()
config.section_('General')
config.General.transferLogs = True
config.General.transferOutputs = True
config.General.workArea = 'crab_projects'
config.General.requestName = 'OpenDataTree_all'
config.section_('JobType')
config.JobType.psetName = './OpenDataTreeProducer_dataPAT_2011_cfg.py'
config.JobType.pluginName = 'Analysis'
config.JobType.maxJobRuntimeMin = 2000
config.section_('Data')
config.Data.inputDataset = '/Jet/Run2011A-12Oct2013-v1/AOD'
config.Data.publication = False
config.Data.unitsPerJob = 6
config.Data.splitting = 'FileBased'
config.Data.inputDBS = 'global'
config.Data.lumiMask = './Cert_160404-180252_7TeV_ReRecoNov08_Collisions11_JSON.txt'
config.Data.outLFNDirBase = '/store/group/phys_smp/mhaapale/'
config.Data.runRange = '160404-173692'
config.section_('Site')
config.Site.storageSite = 'T2_CH_CERN'
config.section_('User')
config.section_('Debug')

DEBUG 2016-08-09 15:57:02,059: 	 self.config.JobType.psetName: ./OpenDataTreeProducer_dataPAT_2011_cfg.py
INFO 2016-08-09 15:57:02,060: 	 Importing CMSSW configuration ./OpenDataTreeProducer_dataPAT_2011_cfg.py
INFO 2016-08-09 15:57:14,018: 	 Finished importing CMSSW configuration ./OpenDataTreeProducer_dataPAT_2011_cfg.py
DEBUG 2016-08-09 15:57:14,018: 	 Writing CMSSW configuration to /afs/cern.ch/work/m/mhaapale/public/CMSSW_5_3_32/src/cms-opendata-2011-jets/AnalysisFW/python/crab_projects/crab_OpenDataTree_all/inputs/PSet.py
DEBUG 2016-08-09 15:57:16,648: 	 The following EDM output files will be collected: []
DEBUG 2016-08-09 15:57:16,648: 	 The following TFile output files will be collected: ['OpenDataTree_data.root']
DEBUG 2016-08-09 15:57:16,648: 	 The following user output files will be collected: []
DEBUG 2016-08-09 15:57:16,648: 	 Loading required information from the environment
DEBUG 2016-08-09 15:57:16,648: 	 Found CMSSW_5_3_32 for slc6_amd64_gcc472 with base /afs/cern.ch/work/m/mhaapale/public/CMSSW_5_3_32
DEBUG 2016-08-09 15:57:16,648: 	 Making tarball in /afs/cern.ch/work/m/mhaapale/public/CMSSW_5_3_32/src/cms-opendata-2011-jets/AnalysisFW/python/crab_projects/crab_OpenDataTree_all/inputs/88fc8f09-0efc-4948-b2e6-da978d46ba5fdefault.tgz
DEBUG 2016-08-09 15:57:16,669: 	 Checking directory /afs/cern.ch/work/m/mhaapale/public/CMSSW_5_3_32/lib
DEBUG 2016-08-09 15:57:16,669: 	 Adding directory /afs/cern.ch/work/m/mhaapale/public/CMSSW_5_3_32/lib to tarball
DEBUG 2016-08-09 15:57:18,538: 	 Checking directory /afs/cern.ch/work/m/mhaapale/public/CMSSW_5_3_32/biglib
DEBUG 2016-08-09 15:57:18,538: 	 Adding directory /afs/cern.ch/work/m/mhaapale/public/CMSSW_5_3_32/biglib to tarball
DEBUG 2016-08-09 15:57:18,539: 	 Checking directory /afs/cern.ch/work/m/mhaapale/public/CMSSW_5_3_32/module
DEBUG 2016-08-09 15:57:18,680: 	 Adding data directory /afs/cern.ch/work/m/mhaapale/public/CMSSW_5_3_32/src/PhysicsTools/PatAlgos/interface to tarball
DEBUG 2016-08-09 15:57:20,010: 	 Uploading archive /afs/cern.ch/work/m/mhaapale/public/CMSSW_5_3_32/src/cms-opendata-2011-jets/AnalysisFW/python/crab_projects/crab_OpenDataTree_all/inputs/88fc8f09-0efc-4948-b2e6-da978d46ba5fdefault.tgz to the CRAB cache. Using URI https://cmsweb.cern.ch/crabcache
DEBUG 2016-08-09 15:57:21,106: 	 Loading required information from the environment
DEBUG 2016-08-09 15:57:21,106: 	 Found CMSSW_5_3_32 for slc6_amd64_gcc472 with base /afs/cern.ch/work/m/mhaapale/public/CMSSW_5_3_32
DEBUG 2016-08-09 15:57:21,106: 	 Making tarball in /afs/cern.ch/work/m/mhaapale/public/CMSSW_5_3_32/src/cms-opendata-2011-jets/AnalysisFW/python/crab_projects/crab_OpenDataTree_all/inputs/debugFiles.tgz
DEBUG 2016-08-09 15:57:21,109: 	 Uploading archive /afs/cern.ch/work/m/mhaapale/public/CMSSW_5_3_32/src/cms-opendata-2011-jets/AnalysisFW/python/crab_projects/crab_OpenDataTree_all/inputs/debugFiles.tgz to the CRAB cache. Using URI https://cmsweb.cern.ch/crabcache
DEBUG 2016-08-09 15:57:21,475: 	 Result uploading input files: 91e1b7283f608a708224802b941e3725f856ecf3127cd716affb26f66c07e9ad.tar.gz 
DEBUG 2016-08-09 15:57:21,475: 	 Attaching lumi mask ./Cert_160404-180252_7TeV_ReRecoNov08_Collisions11_JSON.txt to the request
DEBUG 2016-08-09 15:57:21,475: 	 Reading lumi-mask from ./Cert_160404-180252_7TeV_ReRecoNov08_Collisions11_JSON.txt
INFO 2016-08-09 15:57:22,728: 	 Sending the request to the server
DEBUG 2016-08-09 15:57:22,728: 	 Submitting {'maxjobruntime': 2000, 'ignorelocality': 0, 'savelogsflag': 1, 'useparent': 0, 'asyncdest': 'T2_CH_CERN', 'algoargs': 6, 'cachefilename': '91e1b7283f608a708224802b941e3725f856ecf3127cd716affb26f66c07e9ad.tar.gz', 'numcores': 1, 'addoutputfiles': [], 'generator': 'pythia', 'maxmemory': 2000, 'publishdbsurl': 'https://cmsweb.cern.ch/dbs/prod/phys03/DBSWriter', 'priority': 10, 'jobsw': 'CMSSW_5_3_32', 'edmoutfiles': [], 'userfiles': [], 'primarydataset': '', 'inputdata': '/Jet/Run2011A-12Oct2013-v1/AOD', 'lfn': '/store/group/phys_smp/mhaapale/', 'dryrun': 0, 'workflow': 'crab_OpenDataTree_all', 'adduserfiles': [], 'jobarch': 'slc6_amd64_gcc472', 'lumis': ['19,218', '254,306', '6,53,274,400', '68,208', '1,9,25,35,38,55', '1,147', '1,51,97,113', '1,123', '1,79', '1,12', '1,54', '1,130,133,138,140,151,153,154,156,172,175,201,204,206', '2,65', '1,953', '2,252', '2,77', '2,300', '2,100', '2,26', '2,29', '2,24', '2,11', '2,24', '1,1,7,58,69,108,115,141,145,173,179,210', '1,14', '1,31', '37,753', '1,97', '1,375', '1,2', '33,33', '39,116', '1,554,559,649', '1,826,835,1027', '1,102', '1,40', '60,139', '1,51', '1,340', '73,307', '1,184', '1,24', '1,85', '54,290', '1,133,135,238', '73,452,468,633', '1,161', '1,23', '110,149', '1,283', '1,66', '1,461', '1,213', '9,15', '60,137', '1,359,412,844,846,846,848,977', '1,3,10,126', '1,76,79,96,99,475,479,527,529,685,695,928', '112,401', '1,388', '59,230,232,585', '1,219', '1,616', '1,192', '1,190', '43,118,224,264,266,599,601,639,641,801', '1,106', '1,35,37,37,156,556', '1,18,27,201,203,426,434,461', '1,164', '1,172', '1,488', '39,63', '1,94', '1,147', '1,107,148,356', '1,52', '1,599,603,863', '1,10', '1,20,22,246', '1,81,89,179,181,272,306,615', '52,240,244,405', '1,256', '37,250,271,560,581,582,586,801', '30,295', '1,94,98,212', '1,70', '1,175', '1,92,96,188,190,191', '1,72,74,77,79,79', '1,27,48,48', '1,57', '1,22', '1,10,12,63,65,92,96,155,157,173,175,205', '1,56', '1,32', '1,75', '1,52', '1,8,10,446', '1,49,51,160', '1,29', '76,164,176,185', '15,23', '1,140', '1,3', '1,374,376,650,652,705', '1,74', '1,17', '1,154', '1,106,109,246', '1,119,121,178', '1,53,57,136,140,213', '34,311', '1,40', '1,17,19,220,222,224,236,276,283,374,376,466,468,591', '1,60,62,72,74,456,458,461,463,482,504,510', '1,162,165,340', '1,203', '1,79', '1,321', '10,34,36,36,38,43', '1,182', '50,140,154,205,216,295,305,346,358,457,561,603,618,966', '79,123', '107,266', '124,187,190,193,195,248,250,254,256,331,333,367,369,415', '1,105', '1,185', '1,440', '82,97', '1,466', '80,248', '1,101', '45,111,114,147,160,807,809,1220,1260,1301', '1,28', '58,85,88,640,643,707,712,777,780,1356,1360,1383', '39,708', '1,184,186,882', '37,102', '1,151', '54,170', '72,244,246,270,283,560,562,567', '1,31', '1,20,22,295', '1,363,365,381,384,589', '1,62', '54,109,114,309,315,631', '1,2,5,83,88,207,209,351,355,942,944,946', '26,52,54,143,145,288', '14,19', '56,62,64,64,66,129,133,317,319,500', '67,263,266,329,331,335', '71,873,879,1660,1665,1697', '1,81,83,83', '35,53,59,330,336,355,360,444,450,606,613,707,713,1233', '1,109,115,228,234,307', '53,86,88,236,242,674', '1,2', '1,99,101,116', '38,120,122,123,126,126', '1,12,14,33', '1,32,34,40', '48,210,212,215', '46,64,66,188', '1,367,373,711,715,1400,1406,1809', '67,283,291,947,953,1236', '33,89', '32,85,87,856,858,866', '78,102,108,317,323,526', '54,75,80,95,97,174', '43,78,83,109', '42,430,432,487,491,605,611,1279,1281,1818,1821,1862,1868,1868,1870,1871,1873,1874', '1,455,460,464', '43,63', '46,218,224,287,290,317,320,595,597,730,732,734,736,736', '1,276,492,748', '1,147,153,312,316,467,469,898', '55,234,240,415,421,477,483,677,681,912', '1,13,16,319,324,506,513,551,557,672,681,705,712,724,731,757,764,777,783,792', '46,168,174,650', '41,111,115,115,117,233,236,253,255,382', '1,569', '1,114,119,276,281,365', '1,55,60,127,132,364', '43,173,178,297,299,302', '1,845,851,876,882,977,984,984,988,992,998,1015', '1,170', '62,418,421,421,423,423', '1,21', '1,6,8,13', '1,29,31,77,79,99,102,119,125,247,249,307,311,365,367,374,378,454,478,537', '56,90,93,154,156,394,398,470', '1,73,79,228', '1,441', '1,190', '1,66,72,597,599,603', '58,76,81,104', '1,39,41,105,110,340,345,418,423,747,752,769,773,773', '1,382,389,470', '41,72,75,201', '1,1,8,31,36,210,216,877,883,950,956,1012,1018,1321,1327,1345,1347,1438', '1,137,143,166', '1,238', '1,220', '20,92,98,228', '1,336,339,391,396,462,467,663', '1,125,130,235', '40,174', '62,90,92,162,167,406,448,461', '1,42,48,233,235,317,323,430', '1,94', '1,42', '18,140,146,315,317,593', '1,441', '1,315,320,346,356,395,399,474,476,1157,1160,1628,1633,1644', '56,190,196,471', '210,236,239,305,309,418,423,447', '1,345', '1,129,133,299,301,617,690,707,710,712,715,716,719,719,721,725,740,741,748,758,762,770,774,787,793,797,811,1062', '1,278,289,450', '79,126,132,168,170,173', '56,384', '62,103', '51,67', '1,1,11,75,81,176', '60,159,178,204,210,482,484,558,560,872,878,1441,1444,1842', '1,437,442,587,590,828,834,1242', '108,619,621,995,1001,1010,1013,1053,1057,1295,1298,1762', '1,126,128,432', '110,287', '49,224,228,251,257,377', '50,122,139,243,248,308', '1,27,32,96,102,331', '1,336,341,414,420,470,475,578', '1,110,115,295,301,516,518,518', '1,212', '1,84', '1,153,159,200', '47,74,80,337,342,369,371,379,384,423,427,467,471,648', '1,135', '1,8', '1,19', '1,27,32,288', '1,54,56,78,80,84', '42,106,111,686,688,692', '1,92,97,205,210,551,556,557,563,787,792,1043', '48,151,153,162', '88,137,140,143', '1,12,14,99,104,134,140,171', '53,225', '42,130,136,137,144,161', '58,394,401,450,456,645,650,749,755,864', '61,202,207,370,377,432', '47,150,156,174,179,314,320,347,353,480,487,572,578,816,821,974', '59,296,301,438', '1,362,368,391,397,533', '19,202', '34,34', '1,23,205,437,442,511,517,542', '51,141', '1,49,51,155,161,172,177,264', '1,64,66,143,149,243', '1,46', '1,65,71,277,282,375,380,473,478,749', '36,109,115,469', '61,199', '32,54', '1,35', '1,40', '56,169', '52,177,184,216', '34,144,150,428,434,460', '57,226', '1,495,500,690,696,704', '1,2,5,148', '85,349', '1,110', '1,77', '1,495', '36,64,68,134,139,160', '1,18,24,268', '48,97', '65,413,418,569,571,715,721,1295,1300,1536,1542,1645,1649,1658', '1,31', '1,367', '1,679,681,750,753,766,768,815,819,837,839,861,863,909,911,1139', '1,629,634,784', '57,87,92,254', '1,75,77,127,133,353,358,662,667,832,837,1096,1102,1112,1118,2121,2127,2333', '1,54', '62,131', '36,151,157,382', '1,29,34,708,714,909,912,1829,1835,1970', '55,127,133,159,161,263,269,274,276,892,898,928,933,1287', '1,52', '1,195,197,670,675,797,799,1164,1169,1562', '505,511,516,713,752,874,880,946', '1,71,77,294', '49,322,324,356,362,485,488,768,770,823', '128,231', '1,124', '1,85,92,381,388,759', '1,89', '75,204,209,209,217,217', '1,134,139,221,226,226,231,294', '18,106,111,169,174,224,230,262,276,653', '37,286', '72,163', '32,56', '1,274,280,313,319,467,472,756', '59,93', '1,110', '1,61,66,317', '1,81,86,164,169,357,359,362', '1,56,62,63,65,125', '1,71,73,120', '5,16', '50,143,149,468,474,1123,1129,1162,1168,1321,1326,1361,1366,1383,1389,1431,1436,1818,1824,2361,2366,2710,2715,2754'], 'nonprodsw': 0, 'tfileoutfiles': ['OpenDataTree_data.root'], 'oneEventMode': 0, 'debugfilename': '02c48bad1dd3ed715b3fb3ba1fb81d5ebdcc118622ab67c6713bdb09155d8312.tar.gz', 'cacheurl': 'https://cmsweb.cern.ch/crabcache', 'saveoutput': 1, 'publication': 0, 'runs': [u'160431', u'160577', u'160578', u'160871', u'160872', u'160873', u'160874', u'160939', u'160940', u'160942', u'160943', u'160955', u'160956', u'160957', u'160998', u'161008', u'161016', u'161103', u'161106', u'161107', u'161113', u'161116', u'161117', u'161119', u'161156', u'161176', u'161217', u'161222', u'161223', u'161224', u'161233', u'161310', u'161311', u'161312', u'162762', u'162765', u'162803', u'162808', u'162811', u'162822', u'162825', u'162826', u'162828', u'162909', u'163046', u'163069', u'163071', u'163078', u'163232', u'163233', u'163234', u'163235', u'163237', u'163238', u'163252', u'163255', u'163261', u'163270', u'163286', u'163289', u'163296', u'163297', u'163300', u'163301', u'163302', u'163332', u'163333', u'163334', u'163337', u'163338', u'163339', u'163340', u'163358', u'163369', u'163370', u'163371', u'163372', u'163374', u'163375', u'163376', u'163378', u'163385', u'163387', u'163402', u'163475', u'163476', u'163478', u'163479', u'163480', u'163481', u'163482', u'163483', u'163582', u'163583', u'163584', u'163585', u'163586', u'163587', u'163588', u'163589', u'163596', u'163630', u'163655', u'163657', u'163658', u'163659', u'163660', u'163661', u'163662', u'163663', u'163664', u'163668', u'163738', u'163757', u'163758', u'163759', u'163760', u'163761', u'163763', u'163765', u'163795', u'163796', u'163817', u'163869', u'165088', u'165098', u'165099', u'165102', u'165103', u'165120', u'165121', u'165205', u'165208', u'165364', u'165402', u'165415', u'165467', u'165472', u'165486', u'165487', u'165506', u'165514', u'165525', u'165537', u'165548', u'165558', u'165567', u'165570', u'165617', u'165620', u'165633', u'165970', u'165993', u'166011', u'166033', u'166034', u'166049', u'166149', u'166150', u'166161', u'166163', u'166164', u'166346', u'166374', u'166380', u'166408', u'166429', u'166438', u'166462', u'166486', u'166502', u'166512', u'166514', u'166530', u'166554', u'166563', u'166565', u'166699', u'166701', u'166763', u'166781', u'166782', u'166784', u'166787', u'166839', u'166841', u'166842', u'166859', u'166860', u'166861', u'166864', u'166888', u'166889', u'166890', u'166894', u'166895', u'166911', u'166922', u'166923', u'166946', u'166950', u'166960', u'166966', u'166967', u'167039', u'167041', u'167043', u'167078', u'167098', u'167102', u'167103', u'167151', u'167281', u'167282', u'167284', u'167551', u'167673', u'167674', u'167675', u'167676', u'167740', u'167746', u'167754', u'167784', u'167786', u'167807', u'167830', u'167898', u'167913', u'170722', u'170759', u'170826', u'170842', u'170854', u'170876', u'170896', u'170899', u'170901', u'171050', u'171091', u'171098', u'171102', u'171106', u'171117', u'171156', u'171178', u'171219', u'171274', u'171282', u'171315', u'171369', u'171446', u'171484', u'171578', u'171812', u'171876', u'171880', u'171895', u'171897', u'171921', u'171926', u'172014', u'172024', u'172033', u'172163', u'172208', u'172252', u'172254', u'172255', u'172268', u'172286', u'172389', u'172399', u'172400', u'172401', u'172411', u'172478', u'172619', u'172620', u'172630', u'172635', u'172778', u'172791', u'172798', u'172799', u'172801', u'172802', u'172819', u'172822', u'172824', u'172847', u'172865', u'172868', u'172949', u'172951', u'172952', u'172992', u'172999', u'173198', u'173236', u'173240', u'173241', u'173243', u'173380', u'173381', u'173389', u'173406', u'173430', u'173438', u'173439', u'173657', u'173658', u'173659', u'173660', u'173661', u'173663', u'173664', u'173692'], 'totalunits': 0, 'splitalgo': 'FileBased', 'nonvaliddata': 0, 'dbsurl': 'https://cmsweb.cern.ch/dbs/prod/global/DBSReader', 'publishgroupname': 0, 'jobtype': 'Analysis', 'publishname2': ''} 
DEBUG 2016-08-09 15:57:22,731: 	 Encoded submit request: maxjobruntime=2000&ignorelocality=0&savelogsflag=1&useparent=0&asyncdest=T2_CH_CERN&algoargs=6&cachefilename=91e1b7283f608a708224802b941e3725f856ecf3127cd716affb26f66c07e9ad.tar.gz&numcores=1&generator=pythia&maxmemory=2000&publishdbsurl=https%3A%2F%2Fcmsweb.cern.ch%2Fdbs%2Fprod%2Fphys03%2FDBSWriter&priority=10&jobsw=CMSSW_5_3_32&primarydataset=&inputdata=%2FJet%2FRun2011A-12Oct2013-v1%2FAOD&lfn=%2Fstore%2Fgroup%2Fphys_smp%2Fmhaapale%2F&dryrun=0&workflow=crab_OpenDataTree_all&jobarch=slc6_amd64_gcc472&nonprodsw=0&oneEventMode=0&debugfilename=02c48bad1dd3ed715b3fb3ba1fb81d5ebdcc118622ab67c6713bdb09155d8312.tar.gz&cacheurl=https%3A%2F%2Fcmsweb.cern.ch%2Fcrabcache&saveoutput=1&publication=0&totalunits=0&splitalgo=FileBased&nonvaliddata=0&dbsurl=https%3A%2F%2Fcmsweb.cern.ch%2Fdbs%2Fprod%2Fglobal%2FDBSReader&publishgroupname=0&jobtype=Analysis&publishname2=&tfileoutfiles=OpenDataTree_data.root&runs=160431&runs=160577&runs=160578&runs=160871&runs=160872&runs=160873&runs=160874&runs=160939&runs=160940&runs=160942&runs=160943&runs=160955&runs=160956&runs=160957&runs=160998&runs=161008&runs=161016&runs=161103&runs=161106&runs=161107&runs=161113&runs=161116&runs=161117&runs=161119&runs=161156&runs=161176&runs=161217&runs=161222&runs=161223&runs=161224&runs=161233&runs=161310&runs=161311&runs=161312&runs=162762&runs=162765&runs=162803&runs=162808&runs=162811&runs=162822&runs=162825&runs=162826&runs=162828&runs=162909&runs=163046&runs=163069&runs=163071&runs=163078&runs=163232&runs=163233&runs=163234&runs=163235&runs=163237&runs=163238&runs=163252&runs=163255&runs=163261&runs=163270&runs=163286&runs=163289&runs=163296&runs=163297&runs=163300&runs=163301&runs=163302&runs=163332&runs=163333&runs=163334&runs=163337&runs=163338&runs=163339&runs=163340&runs=163358&runs=163369&runs=163370&runs=163371&runs=163372&runs=163374&runs=163375&runs=163376&runs=163378&runs=163385&runs=163387&runs=163402&runs=163475&runs=163476&runs=163478&runs=163479&runs=163480&runs=163481&runs=163482&runs=163483&runs=163582&runs=163583&runs=163584&runs=163585&runs=163586&runs=163587&runs=163588&runs=163589&runs=163596&runs=163630&runs=163655&runs=163657&runs=163658&runs=163659&runs=163660&runs=163661&runs=163662&runs=163663&runs=163664&runs=163668&runs=163738&runs=163757&runs=163758&runs=163759&runs=163760&runs=163761&runs=163763&runs=163765&runs=163795&runs=163796&runs=163817&runs=163869&runs=165088&runs=165098&runs=165099&runs=165102&runs=165103&runs=165120&runs=165121&runs=165205&runs=165208&runs=165364&runs=165402&runs=165415&runs=165467&runs=165472&runs=165486&runs=165487&runs=165506&runs=165514&runs=165525&runs=165537&runs=165548&runs=165558&runs=165567&runs=165570&runs=165617&runs=165620&runs=165633&runs=165970&runs=165993&runs=166011&runs=166033&runs=166034&runs=166049&runs=166149&runs=166150&runs=166161&runs=166163&runs=166164&runs=166346&runs=166374&runs=166380&runs=166408&runs=166429&runs=166438&runs=166462&runs=166486&runs=166502&runs=166512&runs=166514&runs=166530&runs=166554&runs=166563&runs=166565&runs=166699&runs=166701&runs=166763&runs=166781&runs=166782&runs=166784&runs=166787&runs=166839&runs=166841&runs=166842&runs=166859&runs=166860&runs=166861&runs=166864&runs=166888&runs=166889&runs=166890&runs=166894&runs=166895&runs=166911&runs=166922&runs=166923&runs=166946&runs=166950&runs=166960&runs=166966&runs=166967&runs=167039&runs=167041&runs=167043&runs=167078&runs=167098&runs=167102&runs=167103&runs=167151&runs=167281&runs=167282&runs=167284&runs=167551&runs=167673&runs=167674&runs=167675&runs=167676&runs=167740&runs=167746&runs=167754&runs=167784&runs=167786&runs=167807&runs=167830&runs=167898&runs=167913&runs=170722&runs=170759&runs=170826&runs=170842&runs=170854&runs=170876&runs=170896&runs=170899&runs=170901&runs=171050&runs=171091&runs=171098&runs=171102&runs=171106&runs=171117&runs=171156&runs=171178&runs=171219&runs=171274&runs=171282&runs=171315&runs=171369&runs=171446&runs=171484&runs=171578&runs=171812&runs=171876&runs=171880&runs=171895&runs=171897&runs=171921&runs=171926&runs=172014&runs=172024&runs=172033&runs=172163&runs=172208&runs=172252&runs=172254&runs=172255&runs=172268&runs=172286&runs=172389&runs=172399&runs=172400&runs=172401&runs=172411&runs=172478&runs=172619&runs=172620&runs=172630&runs=172635&runs=172778&runs=172791&runs=172798&runs=172799&runs=172801&runs=172802&runs=172819&runs=172822&runs=172824&runs=172847&runs=172865&runs=172868&runs=172949&runs=172951&runs=172952&runs=172992&runs=172999&runs=173198&runs=173236&runs=173240&runs=173241&runs=173243&runs=173380&runs=173381&runs=173389&runs=173406&runs=173430&runs=173438&runs=173439&runs=173657&runs=173658&runs=173659&runs=173660&runs=173661&runs=173663&runs=173664&runs=173692&lumis=19%2C218&lumis=254%2C306&lumis=6%2C53%2C274%2C400&lumis=68%2C208&lumis=1%2C9%2C25%2C35%2C38%2C55&lumis=1%2C147&lumis=1%2C51%2C97%2C113&lumis=1%2C123&lumis=1%2C79&lumis=1%2C12&lumis=1%2C54&lumis=1%2C130%2C133%2C138%2C140%2C151%2C153%2C154%2C156%2C172%2C175%2C201%2C204%2C206&lumis=2%2C65&lumis=1%2C953&lumis=2%2C252&lumis=2%2C77&lumis=2%2C300&lumis=2%2C100&lumis=2%2C26&lumis=2%2C29&lumis=2%2C24&lumis=2%2C11&lumis=2%2C24&lumis=1%2C1%2C7%2C58%2C69%2C108%2C115%2C141%2C145%2C173%2C179%2C210&lumis=1%2C14&lumis=1%2C31&lumis=37%2C753&lumis=1%2C97&lumis=1%2C375&lumis=1%2C2&lumis=33%2C33&lumis=39%2C116&lumis=1%2C554%2C559%2C649&lumis=1%2C826%2C835%2C1027&lumis=1%2C102&lumis=1%2C40&lumis=60%2C139&lumis=1%2C51&lumis=1%2C340&lumis=73%2C307&lumis=1%2C184&lumis=1%2C24&lumis=1%2C85&lumis=54%2C290&lumis=1%2C133%2C135%2C238&lumis=73%2C452%2C468%2C633&lumis=1%2C161&lumis=1%2C23&lumis=110%2C149&lumis=1%2C283&lumis=1%2C66&lumis=1%2C461&lumis=1%2C213&lumis=9%2C15&lumis=60%2C137&lumis=1%2C359%2C412%2C844%2C846%2C846%2C848%2C977&lumis=1%2C3%2C10%2C126&lumis=1%2C76%2C79%2C96%2C99%2C475%2C479%2C527%2C529%2C685%2C695%2C928&lumis=112%2C401&lumis=1%2C388&lumis=59%2C230%2C232%2C585&lumis=1%2C219&lumis=1%2C616&lumis=1%2C192&lumis=1%2C190&lumis=43%2C118%2C224%2C264%2C266%2C599%2C601%2C639%2C641%2C801&lumis=1%2C106&lumis=1%2C35%2C37%2C37%2C156%2C556&lumis=1%2C18%2C27%2C201%2C203%2C426%2C434%2C461&lumis=1%2C164&lumis=1%2C172&lumis=1%2C488&lumis=39%2C63&lumis=1%2C94&lumis=1%2C147&lumis=1%2C107%2C148%2C356&lumis=1%2C52&lumis=1%2C599%2C603%2C863&lumis=1%2C10&lumis=1%2C20%2C22%2C246&lumis=1%2C81%2C89%2C179%2C181%2C272%2C306%2C615&lumis=52%2C240%2C244%2C405&lumis=1%2C256&lumis=37%2C250%2C271%2C560%2C581%2C582%2C586%2C801&lumis=30%2C295&lumis=1%2C94%2C98%2C212&lumis=1%2C70&lumis=1%2C175&lumis=1%2C92%2C96%2C188%2C190%2C191&lumis=1%2C72%2C74%2C77%2C79%2C79&lumis=1%2C27%2C48%2C48&lumis=1%2C57&lumis=1%2C22&lumis=1%2C10%2C12%2C63%2C65%2C92%2C96%2C155%2C157%2C173%2C175%2C205&lumis=1%2C56&lumis=1%2C32&lumis=1%2C75&lumis=1%2C52&lumis=1%2C8%2C10%2C446&lumis=1%2C49%2C51%2C160&lumis=1%2C29&lumis=76%2C164%2C176%2C185&lumis=15%2C23&lumis=1%2C140&lumis=1%2C3&lumis=1%2C374%2C376%2C650%2C652%2C705&lumis=1%2C74&lumis=1%2C17&lumis=1%2C154&lumis=1%2C106%2C109%2C246&lumis=1%2C119%2C121%2C178&lumis=1%2C53%2C57%2C136%2C140%2C213&lumis=34%2C311&lumis=1%2C40&lumis=1%2C17%2C19%2C220%2C222%2C224%2C236%2C276%2C283%2C374%2C376%2C466%2C468%2C591&lumis=1%2C60%2C62%2C72%2C74%2C456%2C458%2C461%2C463%2C482%2C504%2C510&lumis=1%2C162%2C165%2C340&lumis=1%2C203&lumis=1%2C79&lumis=1%2C321&lumis=10%2C34%2C36%2C36%2C38%2C43&lumis=1%2C182&lumis=50%2C140%2C154%2C205%2C216%2C295%2C305%2C346%2C358%2C457%2C561%2C603%2C618%2C966&lumis=79%2C123&lumis=107%2C266&lumis=124%2C187%2C190%2C193%2C195%2C248%2C250%2C254%2C256%2C331%2C333%2C367%2C369%2C415&lumis=1%2C105&lumis=1%2C185&lumis=1%2C440&lumis=82%2C97&lumis=1%2C466&lumis=80%2C248&lumis=1%2C101&lumis=45%2C111%2C114%2C147%2C160%2C807%2C809%2C1220%2C1260%2C1301&lumis=1%2C28&lumis=58%2C85%2C88%2C640%2C643%2C707%2C712%2C777%2C780%2C1356%2C1360%2C1383&lumis=39%2C708&lumis=1%2C184%2C186%2C882&lumis=37%2C102&lumis=1%2C151&lumis=54%2C170&lumis=72%2C244%2C246%2C270%2C283%2C560%2C562%2C567&lumis=1%2C31&lumis=1%2C20%2C22%2C295&lumis=1%2C363%2C365%2C381%2C384%2C589&lumis=1%2C62&lumis=54%2C109%2C114%2C309%2C315%2C631&lumis=1%2C2%2C5%2C83%2C88%2C207%2C209%2C351%2C355%2C942%2C944%2C946&lumis=26%2C52%2C54%2C143%2C145%2C288&lumis=14%2C19&lumis=56%2C62%2C64%2C64%2C66%2C129%2C133%2C317%2C319%2C500&lumis=67%2C263%2C266%2C329%2C331%2C335&lumis=71%2C873%2C879%2C1660%2C1665%2C1697&lumis=1%2C81%2C83%2C83&lumis=35%2C53%2C59%2C330%2C336%2C355%2C360%2C444%2C450%2C606%2C613%2C707%2C713%2C1233&lumis=1%2C109%2C115%2C228%2C234%2C307&lumis=53%2C86%2C88%2C236%2C242%2C674&lumis=1%2C2&lumis=1%2C99%2C101%2C116&lumis=38%2C120%2C122%2C123%2C126%2C126&lumis=1%2C12%2C14%2C33&lumis=1%2C32%2C34%2C40&lumis=48%2C210%2C212%2C215&lumis=46%2C64%2C66%2C188&lumis=1%2C367%2C373%2C711%2C715%2C1400%2C1406%2C1809&lumis=67%2C283%2C291%2C947%2C953%2C1236&lumis=33%2C89&lumis=32%2C85%2C87%2C856%2C858%2C866&lumis=78%2C102%2C108%2C317%2C323%2C526&lumis=54%2C75%2C80%2C95%2C97%2C174&lumis=43%2C78%2C83%2C109&lumis=42%2C430%2C432%2C487%2C491%2C605%2C611%2C1279%2C1281%2C1818%2C1821%2C1862%2C1868%2C1868%2C1870%2C1871%2C1873%2C1874&lumis=1%2C455%2C460%2C464&lumis=43%2C63&lumis=46%2C218%2C224%2C287%2C290%2C317%2C320%2C595%2C597%2C730%2C732%2C734%2C736%2C736&lumis=1%2C276%2C492%2C748&lumis=1%2C147%2C153%2C312%2C316%2C467%2C469%2C898&lumis=55%2C234%2C240%2C415%2C421%2C477%2C483%2C677%2C681%2C912&lumis=1%2C13%2C16%2C319%2C324%2C506%2C513%2C551%2C557%2C672%2C681%2C705%2C712%2C724%2C731%2C757%2C764%2C777%2C783%2C792&lumis=46%2C168%2C174%2C650&lumis=41%2C111%2C115%2C115%2C117%2C233%2C236%2C253%2C255%2C382&lumis=1%2C569&lumis=1%2C114%2C119%2C276%2C281%2C365&lumis=1%2C55%2C60%2C127%2C132%2C364&lumis=43%2C173%2C178%2C297%2C299%2C302&lumis=1%2C845%2C851%2C876%2C882%2C977%2C984%2C984%2C988%2C992%2C998%2C1015&lumis=1%2C170&lumis=62%2C418%2C421%2C421%2C423%2C423&lumis=1%2C21&lumis=1%2C6%2C8%2C13&lumis=1%2C29%2C31%2C77%2C79%2C99%2C102%2C119%2C125%2C247%2C249%2C307%2C311%2C365%2C367%2C374%2C378%2C454%2C478%2C537&lumis=56%2C90%2C93%2C154%2C156%2C394%2C398%2C470&lumis=1%2C73%2C79%2C228&lumis=1%2C441&lumis=1%2C190&lumis=1%2C66%2C72%2C597%2C599%2C603&lumis=58%2C76%2C81%2C104&lumis=1%2C39%2C41%2C105%2C110%2C340%2C345%2C418%2C423%2C747%2C752%2C769%2C773%2C773&lumis=1%2C382%2C389%2C470&lumis=41%2C72%2C75%2C201&lumis=1%2C1%2C8%2C31%2C36%2C210%2C216%2C877%2C883%2C950%2C956%2C1012%2C1018%2C1321%2C1327%2C1345%2C1347%2C1438&lumis=1%2C137%2C143%2C166&lumis=1%2C238&lumis=1%2C220&lumis=20%2C92%2C98%2C228&lumis=1%2C336%2C339%2C391%2C396%2C462%2C467%2C663&lumis=1%2C125%2C130%2C235&lumis=40%2C174&lumis=62%2C90%2C92%2C162%2C167%2C406%2C448%2C461&lumis=1%2C42%2C48%2C233%2C235%2C317%2C323%2C430&lumis=1%2C94&lumis=1%2C42&lumis=18%2C140%2C146%2C315%2C317%2C593&lumis=1%2C441&lumis=1%2C315%2C320%2C346%2C356%2C395%2C399%2C474%2C476%2C1157%2C1160%2C1628%2C1633%2C1644&lumis=56%2C190%2C196%2C471&lumis=210%2C236%2C239%2C305%2C309%2C418%2C423%2C447&lumis=1%2C345&lumis=1%2C129%2C133%2C299%2C301%2C617%2C690%2C707%2C710%2C712%2C715%2C716%2C719%2C719%2C721%2C725%2C740%2C741%2C748%2C758%2C762%2C770%2C774%2C787%2C793%2C797%2C811%2C1062&lumis=1%2C278%2C289%2C450&lumis=79%2C126%2C132%2C168%2C170%2C173&lumis=56%2C384&lumis=62%2C103&lumis=51%2C67&lumis=1%2C1%2C11%2C75%2C81%2C176&lumis=60%2C159%2C178%2C204%2C210%2C482%2C484%2C558%2C560%2C872%2C878%2C1441%2C1444%2C1842&lumis=1%2C437%2C442%2C587%2C590%2C828%2C834%2C1242&lumis=108%2C619%2C621%2C995%2C1001%2C1010%2C1013%2C1053%2C1057%2C1295%2C1298%2C1762&lumis=1%2C126%2C128%2C432&lumis=110%2C287&lumis=49%2C224%2C228%2C251%2C257%2C377&lumis=50%2C122%2C139%2C243%2C248%2C308&lumis=1%2C27%2C32%2C96%2C102%2C331&lumis=1%2C336%2C341%2C414%2C420%2C470%2C475%2C578&lumis=1%2C110%2C115%2C295%2C301%2C516%2C518%2C518&lumis=1%2C212&lumis=1%2C84&lumis=1%2C153%2C159%2C200&lumis=47%2C74%2C80%2C337%2C342%2C369%2C371%2C379%2C384%2C423%2C427%2C467%2C471%2C648&lumis=1%2C135&lumis=1%2C8&lumis=1%2C19&lumis=1%2C27%2C32%2C288&lumis=1%2C54%2C56%2C78%2C80%2C84&lumis=42%2C106%2C111%2C686%2C688%2C692&lumis=1%2C92%2C97%2C205%2C210%2C551%2C556%2C557%2C563%2C787%2C792%2C1043&lumis=48%2C151%2C153%2C162&lumis=88%2C137%2C140%2C143&lumis=1%2C12%2C14%2C99%2C104%2C134%2C140%2C171&lumis=53%2C225&lumis=42%2C130%2C136%2C137%2C144%2C161&lumis=58%2C394%2C401%2C450%2C456%2C645%2C650%2C749%2C755%2C864&lumis=61%2C202%2C207%2C370%2C377%2C432&lumis=47%2C150%2C156%2C174%2C179%2C314%2C320%2C347%2C353%2C480%2C487%2C572%2C578%2C816%2C821%2C974&lumis=59%2C296%2C301%2C438&lumis=1%2C362%2C368%2C391%2C397%2C533&lumis=19%2C202&lumis=34%2C34&lumis=1%2C23%2C205%2C437%2C442%2C511%2C517%2C542&lumis=51%2C141&lumis=1%2C49%2C51%2C155%2C161%2C172%2C177%2C264&lumis=1%2C64%2C66%2C143%2C149%2C243&lumis=1%2C46&lumis=1%2C65%2C71%2C277%2C282%2C375%2C380%2C473%2C478%2C749&lumis=36%2C109%2C115%2C469&lumis=61%2C199&lumis=32%2C54&lumis=1%2C35&lumis=1%2C40&lumis=56%2C169&lumis=52%2C177%2C184%2C216&lumis=34%2C144%2C150%2C428%2C434%2C460&lumis=57%2C226&lumis=1%2C495%2C500%2C690%2C696%2C704&lumis=1%2C2%2C5%2C148&lumis=85%2C349&lumis=1%2C110&lumis=1%2C77&lumis=1%2C495&lumis=36%2C64%2C68%2C134%2C139%2C160&lumis=1%2C18%2C24%2C268&lumis=48%2C97&lumis=65%2C413%2C418%2C569%2C571%2C715%2C721%2C1295%2C1300%2C1536%2C1542%2C1645%2C1649%2C1658&lumis=1%2C31&lumis=1%2C367&lumis=1%2C679%2C681%2C750%2C753%2C766%2C768%2C815%2C819%2C837%2C839%2C861%2C863%2C909%2C911%2C1139&lumis=1%2C629%2C634%2C784&lumis=57%2C87%2C92%2C254&lumis=1%2C75%2C77%2C127%2C133%2C353%2C358%2C662%2C667%2C832%2C837%2C1096%2C1102%2C1112%2C1118%2C2121%2C2127%2C2333&lumis=1%2C54&lumis=62%2C131&lumis=36%2C151%2C157%2C382&lumis=1%2C29%2C34%2C708%2C714%2C909%2C912%2C1829%2C1835%2C1970&lumis=55%2C127%2C133%2C159%2C161%2C263%2C269%2C274%2C276%2C892%2C898%2C928%2C933%2C1287&lumis=1%2C52&lumis=1%2C195%2C197%2C670%2C675%2C797%2C799%2C1164%2C1169%2C1562&lumis=505%2C511%2C516%2C713%2C752%2C874%2C880%2C946&lumis=1%2C71%2C77%2C294&lumis=49%2C322%2C324%2C356%2C362%2C485%2C488%2C768%2C770%2C823&lumis=128%2C231&lumis=1%2C124&lumis=1%2C85%2C92%2C381%2C388%2C759&lumis=1%2C89&lumis=75%2C204%2C209%2C209%2C217%2C217&lumis=1%2C134%2C139%2C221%2C226%2C226%2C231%2C294&lumis=18%2C106%2C111%2C169%2C174%2C224%2C230%2C262%2C276%2C653&lumis=37%2C286&lumis=72%2C163&lumis=32%2C56&lumis=1%2C274%2C280%2C313%2C319%2C467%2C472%2C756&lumis=59%2C93&lumis=1%2C110&lumis=1%2C61%2C66%2C317&lumis=1%2C81%2C86%2C164%2C169%2C357%2C359%2C362&lumis=1%2C56%2C62%2C63%2C65%2C125&lumis=1%2C71%2C73%2C120&lumis=5%2C16&lumis=50%2C143%2C149%2C468%2C474%2C1123%2C1129%2C1162%2C1168%2C1321%2C1326%2C1361%2C1366%2C1383%2C1389%2C1431%2C1436%2C1818%2C1824%2C2361%2C2366%2C2710%2C2715%2C2754
DEBUG 2016-08-09 15:57:23,512: 	 Result: {'result': [{'RequestName': '160809_135723:mhaapale_crab_OpenDataTree_all'}]}
INFO 2016-08-09 15:57:23,692: 	 Success: Your task has been delivered to the CRAB3 server.
INFO 2016-08-09 15:57:23,692: 	 Task name: 160809_135723:mhaapale_crab_OpenDataTree_all
INFO 2016-08-09 15:57:23,692: 	 Please use 'crab status' to check how the submission process proceeds.
DEBUG 2016-08-09 15:57:23,692: 	 About to return
INFO 2016-08-09 15:57:23,697: 	 Log file is /afs/cern.ch/work/m/mhaapale/public/CMSSW_5_3_32/src/cms-opendata-2011-jets/AnalysisFW/python/crab_projects/crab_OpenDataTree_all/crab.log
DEBUG 2016-08-09 17:31:10,192: 	 Executing command: 'status'
DEBUG 2016-08-09 17:31:10,200: 	 Found CRAB cache file /afs/cern.ch/user/m/mhaapale/.crab3
DEBUG 2016-08-09 17:31:10,219: 	 Checking credentials
DEBUG 2016-08-09 17:31:10,220: 	 Proxy file /tmp/x509up_u93770 not found
DEBUG 2016-08-09 17:31:10,220: 	 Creating new proxy for 24:00 hours with VO group '' and VO role 'NULL'.
DEBUG 2016-08-09 17:31:18,514: 	 Executing : 
 command : voms-proxy-init -voms cms:/cms -valid 24:00 -rfc
 output : None
 error: None
 retcode : 0
DEBUG 2016-08-09 17:31:19,123: 	 Executing : 
 command : voms-proxy-info -file /tmp/x509up_u93770 -timeleft
 output : 86398

 error: 
 retcode : 0
DEBUG 2016-08-09 17:31:19,731: 	 Executing : 
 command : voms-proxy-info -file /tmp/x509up_u93770 -actimeleft
 output : 86397

 error: 
 retcode : 0
DEBUG 2016-08-09 17:31:20,447: 	 Executing : 
 command : env X509_USER_PROXY=/tmp/x509up_u93770 voms-proxy-info -fqan
 output : /cms/Role=NULL/Capability=NULL

 error: 
 retcode : 0
DEBUG 2016-08-09 17:31:20,447: 	 Proxy created.
DEBUG 2016-08-09 17:31:20,591: 	 Executing : 
 command : openssl x509 -in ~/.globus/usercert.pem -subject -noout
 output : subject= /DC=ch/DC=cern/OU=Organic Units/OU=Users/CN=mhaapale/CN=803715/CN=Matias Jacques Haapalehto

 error: 
 retcode : 0
DEBUG 2016-08-09 17:31:20,592: 	 Checking credentials
DEBUG 2016-08-09 17:31:20,592: 	 Found proxy file /tmp/x509up_u93770
DEBUG 2016-08-09 17:31:20,592: 	 Getting proxy life time left
DEBUG 2016-08-09 17:31:21,199: 	 Executing : 
 command : voms-proxy-info -file /tmp/x509up_u93770 -timeleft
 output : 86396

 error: 
 retcode : 0
DEBUG 2016-08-09 17:31:21,817: 	 Executing : 
 command : voms-proxy-info -file /tmp/x509up_u93770 -actimeleft
 output : 86395

 error: 
 retcode : 0
DEBUG 2016-08-09 17:31:21,817: 	 Proxy valid for 23:59:56 hours
DEBUG 2016-08-09 17:31:22,322: 	 Registering user credentials for server /DC=ch/DC=cern/OU=computers/CN=vocms(045|052|021|031|0118|0118a|0119|0108).cern.ch
DEBUG 2016-08-09 17:31:22,429: 	 Executing : 
 command : openssl x509 -in ~/.globus/usercert.pem -subject -noout
 output : subject= /DC=ch/DC=cern/OU=Organic Units/OU=Users/CN=mhaapale/CN=803715/CN=Matias Jacques Haapalehto

 error: 
 retcode : 0
DEBUG 2016-08-09 17:31:22,430: 	 Getting myproxy life time left for myproxy.cern.ch
DEBUG 2016-08-09 17:31:22,430: 	 Calculating hash of /DC=ch/DC=cern/OU=Organic Units/OU=Users/CN=mhaapale/CN=803715/CN=Matias Jacques Haapalehto_cmsweb.cern.ch for credential name
DEBUG 2016-08-09 17:31:22,935: 	 Executing : 
 command : myproxy-info -l b0f46b4a7c361367a5055cc34b0685c3fc3535fa -s myproxy.cern.ch
 output : username: b0f46b4a7c361367a5055cc34b0685c3fc3535fa
owner: /DC=ch/DC=cern/OU=Organic Units/OU=Users/CN=mhaapale/CN=803715/CN=Matias Jacques Haapalehto
  renewal policy: /DC=ch/DC=cern/OU=computers/CN=vocms(045|052|021|031|0118|0118a|0119|0108).cern.ch
  trusted retrieval policy: /DC=ch/DC=cern/OU=computers/CN=vocms(045|052|021|031|0118|0118a|0119|0108).cern.ch
  timeleft: 428:29:03  (17.9 days)

 error: 
 retcode : 0
DEBUG 2016-08-09 17:31:22,935: 	 Myproxy is valid: 1542543
DEBUG 2016-08-09 17:31:22,936: 	 Command use: status
DEBUG 2016-08-09 17:31:22,936: 	 Options use: ['--verboseErrors']
DEBUG 2016-08-09 17:31:23,361: 	 CRABClient version: 3.3.1607.patch2
DEBUG 2016-08-09 17:31:23,361: 	 Instance is prod
DEBUG 2016-08-09 17:31:23,361: 	 Server base url is cmsweb.cern.ch
DEBUG 2016-08-09 17:31:23,361: 	 Command url /crabserver/prod/workflow
DEBUG 2016-08-09 17:31:23,361: 	 Looking up detailed status of task 160809_135723:mhaapale_crab_OpenDataTree_all
DEBUG 2016-08-09 17:32:19,928: 	 {'status': 'SUBMITTED', 'username': 'mhaapale', 'jobsPerStatus': {'running': 200, 'transferring': 1, 'idle': 2}, 'jobs': {'66': {'State': 'running'}, '133': {'State': 'running'}, '132': {'State': 'running'}, '131': {'State': 'running'}, '130': {'State': 'running'}, '137': {'State': 'running'}, '136': {'State': 'running'}, '135': {'State': 'running'}, '134': {'State': 'running'}, '139': {'State': 'running'}, '138': {'State': 'running'}, '93': {'State': 'running'}, '24': {'State': 'running'}, '25': {'State': 'running'}, '26': {'State': 'running'}, '27': {'State': 'running'}, '20': {'State': 'running'}, '21': {'State': 'running'}, '22': {'State': 'running'}, '23': {'State': 'running'}, '95': {'State': 'running'}, '28': {'State': 'running'}, '29': {'State': 'running'}, '94': {'State': 'running'}, '4': {'State': 'running'}, '8': {'State': 'running'}, '96': {'State': 'running'}, '68': {'State': 'running'}, '120': {'State': 'running'}, '121': {'State': 'running'}, '122': {'State': 'running'}, '123': {'State': 'running'}, '124': {'State': 'running'}, '125': {'State': 'running'}, '126': {'State': 'running'}, '127': {'State': 'running'}, '128': {'State': 'running'}, '129': {'State': 'running'}, '69': {'State': 'running'}, '91': {'State': 'running'}, '59': {'State': 'running'}, '58': {'State': 'running'}, '55': {'State': 'running'}, '54': {'State': 'running'}, '57': {'State': 'running'}, '56': {'State': 'running'}, '51': {'State': 'running'}, '50': {'State': 'running'}, '53': {'State': 'running'}, '52': {'State': 'running'}, '90': {'State': 'running'}, '146': {'State': 'running'}, '199': {'State': 'running'}, '198': {'State': 'running'}, '147': {'State': 'running'}, '195': {'State': 'running'}, '194': {'State': 'running'}, '197': {'State': 'running'}, '67': {'State': 'running'}, '191': {'State': 'running'}, '190': {'State': 'running'}, '193': {'State': 'running'}, '192': {'State': 'running'}, '115': {'State': 'running'}, '114': {'State': 'running'}, '88': {'State': 'running'}, '89': {'State': 'running'}, '111': {'State': 'running'}, '110': {'State': 'running'}, '113': {'State': 'running'}, '112': {'State': 'running'}, '82': {'State': 'running'}, '83': {'State': 'running'}, '80': {'State': 'running'}, '81': {'State': 'running'}, '119': {'State': 'running'}, '118': {'State': 'running'}, '84': {'State': 'running'}, '85': {'State': 'running'}, '3': {'State': 'running'}, '7': {'State': 'running'}, '92': {'State': 'running'}, '108': {'State': 'running'}, '109': {'State': 'running'}, '102': {'State': 'running'}, '103': {'State': 'running'}, '100': {'State': 'running'}, '101': {'State': 'running'}, '106': {'State': 'running'}, '107': {'State': 'running'}, '104': {'State': 'running'}, '105': {'State': 'running'}, '39': {'State': 'running'}, '38': {'State': 'running'}, '33': {'State': 'running'}, '32': {'State': 'running'}, '31': {'State': 'running'}, '30': {'State': 'running'}, '37': {'State': 'idle'}, '36': {'State': 'running'}, '35': {'State': 'running'}, '34': {'State': 'running'}, '60': {'State': 'running'}, '61': {'State': 'running'}, '62': {'State': 'running'}, '63': {'State': 'running'}, '64': {'State': 'running'}, '65': {'State': 'running'}, '179': {'State': 'running'}, '178': {'State': 'running'}, '177': {'State': 'running'}, '176': {'State': 'running'}, '175': {'State': 'running'}, '174': {'State': 'running'}, '173': {'State': 'running'}, '172': {'State': 'running'}, '171': {'State': 'running'}, '170': {'State': 'running'}, '145': {'State': 'running'}, '182': {'State': 'running'}, '183': {'State': 'running'}, '180': {'State': 'running'}, '181': {'State': 'running'}, '186': {'State': 'running'}, '187': {'State': 'running'}, '184': {'State': 'running'}, '6': {'State': 'running'}, '188': {'State': 'running'}, '189': {'State': 'running'}, '196': {'State': 'running'}, '97': {'State': 'running'}, '185': {'State': 'running'}, '99': {'State': 'running'}, '98': {'State': 'running'}, '168': {'State': 'running'}, '169': {'State': 'running'}, '164': {'State': 'running'}, '165': {'State': 'running'}, '166': {'State': 'running'}, '167': {'State': 'running'}, '160': {'State': 'running'}, '161': {'State': 'running'}, '162': {'State': 'running'}, '163': {'State': 'running'}, '11': {'State': 'running'}, '10': {'State': 'running'}, '13': {'State': 'running'}, '12': {'State': 'running'}, '15': {'State': 'running'}, '14': {'State': 'running'}, '17': {'State': 'running'}, '16': {'State': 'running'}, '19': {'State': 'running'}, '18': {'State': 'running'}, '117': {'State': 'running'}, '116': {'State': 'running'}, '151': {'State': 'running'}, '150': {'State': 'running'}, '153': {'State': 'running'}, '152': {'State': 'running'}, '155': {'State': 'running'}, '154': {'State': 'running'}, '157': {'State': 'running'}, '156': {'State': 'running'}, '159': {'State': 'running'}, '158': {'State': 'running'}, '48': {'State': 'running'}, '49': {'State': 'idle'}, '46': {'State': 'running'}, '86': {'State': 'running'}, '44': {'State': 'running'}, '45': {'State': 'running'}, '42': {'State': 'running'}, '43': {'State': 'running'}, '40': {'State': 'running'}, '87': {'State': 'running'}, '1': {'State': 'running'}, '5': {'State': 'running'}, '9': {'State': 'running'}, '201': {'State': 'running'}, '200': {'State': 'running'}, '203': {'State': 'transferring'}, '202': {'State': 'running'}, '142': {'State': 'running'}, '143': {'State': 'running'}, '140': {'State': 'running'}, '141': {'State': 'running'}, '148': {'State': 'running'}, '149': {'State': 'running'}, '77': {'State': 'running'}, '76': {'State': 'running'}, '75': {'State': 'running'}, '74': {'State': 'running'}, '73': {'State': 'running'}, '72': {'State': 'running'}, '71': {'State': 'running'}, '70': {'State': 'running'}, '79': {'State': 'running'}, '78': {'State': 'running'}, '2': {'State': 'running'}, '144': {'State': 'running'}, '41': {'State': 'running'}, '47': {'State': 'running'}}, 'publication': {'disabled': []}, 'taskWarningMsg': [], 'schedd': 'crab3@submit-1.t2.ucsd.edu', 'publicationFailures': {}, 'outdatasets': None, 'statusFailureMsg': '', 'taskFailureMsg': '', 'failedJobdefs': 0, 'ASOURL': 'https://cmsweb.cern.ch/couchdb2', 'command': 'SUBMIT', 'totalJobdefs': 0, 'submissionTime': 1470751043, 'jobdefErrors': [], 'collector': 'cmsgwms-collector-global.cern.ch,cmssrv221.fnal.gov', 'jobList': [['running', 165], ['running', 133], ['running', 132], ['running', 131], ['running', 130], ['running', 137], ['running', 136], ['running', 135], ['running', 134], ['running', 139], ['running', 138], ['running', 166], ['running', 24], ['running', 25], ['running', 26], ['running', 27], ['running', 20], ['running', 21], ['running', 22], ['running', 23], ['running', 160], ['running', 28], ['running', 29], ['running', 161], ['running', 4], ['running', 8], ['running', 163], ['running', 119], ['running', 120], ['running', 121], ['running', 122], ['running', 123], ['running', 124], ['running', 125], ['running', 126], ['running', 127], ['running', 128], ['running', 129], ['running', 167], ['running', 118], ['running', 59], ['running', 58], ['running', 55], ['running', 54], ['running', 57], ['running', 56], ['running', 51], ['running', 50], ['running', 53], ['running', 52], ['running', 164], ['running', 201], ['running', 199], ['running', 179], ['running', 200], ['running', 195], ['running', 194], ['running', 197], ['running', 178], ['running', 191], ['running', 190], ['running', 193], ['running', 192], ['running', 115], ['running', 114], ['running', 88], ['running', 89], ['running', 111], ['running', 110], ['running', 113], ['running', 112], ['running', 82], ['running', 83], ['running', 80], ['running', 81], ['running', 86], ['running', 87], ['running', 84], ['running', 85], ['running', 198], ['running', 3], ['running', 177], ['running', 7], ['running', 108], ['running', 109], ['running', 102], ['running', 103], ['running', 100], ['running', 101], ['running', 106], ['running', 107], ['running', 104], ['running', 105], ['running', 39], ['running', 38], ['running', 33], ['running', 32], ['running', 31], ['running', 30], ['idle', 37], ['running', 36], ['running', 35], ['running', 34], ['running', 176], ['running', 60], ['running', 61], ['running', 62], ['running', 63], ['running', 64], ['running', 65], ['running', 66], ['running', 67], ['running', 68], ['running', 69], ['running', 175], ['running', 174], ['running', 173], ['running', 172], ['running', 171], ['running', 170], ['transferring', 203], ['running', 181], ['running', 182], ['running', 183], ['running', 180], ['running', 2], ['running', 162], ['running', 187], ['running', 184], ['running', 6], ['running', 186], ['running', 188], ['running', 189], ['running', 202], ['running', 196], ['running', 185], ['running', 99], ['running', 98], ['running', 168], ['running', 169], ['running', 91], ['running', 90], ['running', 93], ['running', 92], ['running', 95], ['running', 94], ['running', 97], ['running', 96], ['running', 11], ['running', 10], ['running', 13], ['running', 12], ['running', 15], ['running', 14], ['running', 17], ['running', 16], ['running', 19], ['running', 18], ['running', 117], ['running', 116], ['running', 151], ['running', 150], ['running', 153], ['running', 152], ['running', 155], ['running', 154], ['running', 157], ['running', 156], ['running', 159], ['running', 158], ['running', 48], ['idle', 49], ['running', 46], ['running', 47], ['running', 44], ['running', 45], ['running', 42], ['running', 43], ['running', 40], ['running', 41], ['running', 1], ['running', 5], ['running', 9], ['running', 146], ['running', 147], ['running', 144], ['running', 145], ['running', 142], ['running', 143], ['running', 140], ['running', 141], ['running', 148], ['running', 149], ['running', 77], ['running', 76], ['running', 75], ['running', 74], ['running', 73], ['running', 72], ['running', 71], ['running', 70], ['running', 79], ['running', 78]]}
INFO 2016-08-09 17:32:19,928: 	 CRAB project directory:		/afs/cern.ch/work/m/mhaapale/public/CMSSW_5_3_32/src/cms-opendata-2011-jets/AnalysisFW/python/crab_projects/crab_OpenDataTree_all
INFO 2016-08-09 17:32:19,928: 	 Task name:			160809_135723:mhaapale_crab_OpenDataTree_all
INFO 2016-08-09 17:32:19,929: 	 Grid scheduler:			crab3@submit-1.t2.ucsd.edu
INFO 2016-08-09 17:32:19,929: 	 Task status:			SUBMITTED
INFO 2016-08-09 17:32:19,929: 	 Dashboard monitoring URL:	http://dashb-cms-job.cern.ch/dashboard/templates/task-analysis/#user=mhaapale&table=Mains&pattern=160809_135723%3Amhaapale_crab_OpenDataTree_all
INFO 2016-08-09 17:32:19,929: 	 
Jobs status:			idle            1.0% (  2/203)
INFO 2016-08-09 17:32:19,929: 	 				running        98.5% (200/203)
INFO 2016-08-09 17:32:19,929: 	 				transferring    0.5% (  1/203)
INFO 2016-08-09 17:32:19,930: 	 
No publication information (publication has been disabled in the CRAB configuration file)
INFO 2016-08-09 17:32:19,963: 	 Log file is /afs/cern.ch/work/m/mhaapale/public/CMSSW_5_3_32/src/cms-opendata-2011-jets/AnalysisFW/python/crab_projects/crab_OpenDataTree_all/crab.log
